<?xml version="1.0" encoding="UTF-8"?>
<!-- Generated by org.testng.reporters.JUnitReportReporter -->
<testsuite hostname="devi" failures="0" tests="2" name="TestNG.TNGDay1" time="0.026" errors="0" timestamp="19 Apr 2021 06:40:40 GMT" skipped="0">
  <testcase classname="TestNG.TNGDay1" name="test2" time="0.006"/>
  <testcase classname="TestNG.TNGDay1" name="test1" time="0.020"/>
</testsuite> <!-- TestNG.TNGDay1 -->
